Build started 1/8/2017 5:08:51 PM.
     1>Project "C:\Users\Alaa\Documents\Visual Studio 2015\Projects\SpaceInv\SpaceInv\SpaceInv.vcxproj" on node 2 (Build target(s)).
     1>ClCompile:
         C:\Program Files (x86)\Microsoft Visual Studio 14.0\VC\bin\CL.exe /c /I"C:\Users\Alaa\Documents\Visual Studio 2015\Projects\SpaceInv\Release\SDL2_image-2.0.0\include" /I"C:\Users\Alaa\Documents\Visual Studio 2015\Projects\SpaceInv\Release\SDL2-2.0.3\include" /Zi /nologo /W3 /WX- /sdl /O2 /Oi /Oy- /GL /D WIN32 /D NDEBUG /D _CONSOLE /D _UNICODE /D UNICODE /Gm- /EHsc /MD /GS /Gy /fp:precise /Zc:wchar_t /Zc:forScope /Zc:inline /Yc"stdafx.h" /Fp"Release\SpaceInv.pch" /Fo"Release\\" /Fd"Release\vc140.pdb" /Gd /TP /analyze- /errorReport:prompt stdafx.cpp
         stdafx.cpp
         C:\Program Files (x86)\Microsoft Visual Studio 14.0\VC\bin\CL.exe /c /I"C:\Users\Alaa\Documents\Visual Studio 2015\Projects\SpaceInv\Release\SDL2_image-2.0.0\include" /I"C:\Users\Alaa\Documents\Visual Studio 2015\Projects\SpaceInv\Release\SDL2-2.0.3\include" /Zi /nologo /W3 /WX- /sdl /O2 /Oi /Oy- /GL /D WIN32 /D NDEBUG /D _CONSOLE /D _UNICODE /D UNICODE /Gm- /EHsc /MD /GS /Gy /fp:precise /Zc:wchar_t /Zc:forScope /Zc:inline /Yu"stdafx.h" /Fp"Release\SpaceInv.pch" /Fo"Release\\" /Fd"Release\vc140.pdb" /Gd /TP /analyze- /errorReport:prompt Display.cpp Enemey.cpp Keyboard.cpp Node.cpp SpaceInv.cpp Timer.cpp
         Display.cpp
         Enemey.cpp
         Keyboard.cpp
         Node.cpp
         SpaceInv.cpp
         Timer.cpp
       Link:
         C:\Program Files (x86)\Microsoft Visual Studio 14.0\VC\bin\link.exe /ERRORREPORT:PROMPT /OUT:"C:\Users\Alaa\Documents\Visual Studio 2015\Projects\SpaceInv\Release\SpaceInv.exe" /INCREMENTAL /NOLOGO /LIBPATH:"C:\Users\Alaa\Documents\Visual Studio 2015\Projects\SpaceInv\Release\SDL2_image-2.0.0\lib\x86" /LIBPATH:"C:\Users\Alaa\Documents\Visual Studio 2015\Projects\SpaceInv\Release\SDL2-2.0.3\lib\x86" SDL2.lib SDL2main.lib OpenGL32.lib SDL2_image.lib winmm.lib kernel32.lib user32.lib gdi32.lib winspool.lib comdlg32.lib advapi32.lib shell32.lib ole32.lib oleaut32.lib uuid.lib odbc32.lib odbccp32.lib /MANIFEST /MANIFESTUAC:"level='asInvoker' uiAccess='false'" /manifest:embed /Debug /PDB:"C:\Users\Alaa\Documents\Visual Studio 2015\Projects\SpaceInv\Release\SpaceInv.pdb" /SUBSYSTEM:CONSOLE /OPT:REF /OPT:ICF /LTCG:incremental /TLBID:1 /DYNAMICBASE /NXCOMPAT /IMPLIB:"C:\Users\Alaa\Documents\Visual Studio 2015\Projects\SpaceInv\Release\SpaceInv.lib" /MACHINE:X86 /SAFESEH Release\Display.obj
         Release\Enemey.obj
         Release\Keyboard.obj
         Release\Node.obj
         Release\SpaceInv.obj
         Release\stdafx.obj
         Release\Timer.obj
     1>LINK : warning LNK4075: ignoring '/INCREMENTAL' due to '/LTCG' specification
         Generating code
     1>c:\users\alaa\documents\visual studio 2015\projects\spaceinv\spaceinv\display.cpp(300): warning C4715: 'Display::Win': not all control paths return a value
         All 165 functions were compiled because no usable IPDB/IOBJ from previous compilation was found.
         Finished generating code
         SpaceInv.vcxproj -> C:\Users\Alaa\Documents\Visual Studio 2015\Projects\SpaceInv\Release\SpaceInv.exe
     1>Done Building Project "C:\Users\Alaa\Documents\Visual Studio 2015\Projects\SpaceInv\SpaceInv\SpaceInv.vcxproj" (Build target(s)).

Build succeeded.

Time Elapsed 00:00:05.13
